[debug] [2023-10-30T10:10:52.588Z] ----------------------------------------------------------------------
[debug] [2023-10-30T10:10:52.594Z] Command:       /opt/homebrew/Cellar/node/20.8.0/bin/node /opt/homebrew/bin/firebase use --add
[debug] [2023-10-30T10:10:52.594Z] CLI Version:   12.7.0
[debug] [2023-10-30T10:10:52.594Z] Platform:      darwin
[debug] [2023-10-30T10:10:52.594Z] Node Version:  v20.8.0
[debug] [2023-10-30T10:10:52.594Z] Time:          Mon Oct 30 2023 15:40:52 GMT+0530 (India Standard Time)
[debug] [2023-10-30T10:10:52.594Z] ----------------------------------------------------------------------
[debug] 
[debug] [2023-10-30T10:10:52.596Z] >>> [apiv2][query] GET https://firebase-public.firebaseio.com/cli.json [none]
[debug] [2023-10-30T10:10:52.658Z] > command requires scopes: ["email","openid","https://www.googleapis.com/auth/cloudplatformprojects.readonly","https://www.googleapis.com/auth/firebase","https://www.googleapis.com/auth/cloud-platform"]
[debug] [2023-10-30T10:10:52.658Z] > authorizing via signed-in user (manishchayal14@gmail.com)
[debug] [2023-10-30T10:10:52.662Z] > refreshing access token with scopes: []
[debug] [2023-10-30T10:10:52.663Z] >>> [apiv2][query] POST https://www.googleapis.com/oauth2/v3/token [none]
[debug] [2023-10-30T10:10:52.664Z] >>> [apiv2][body] POST https://www.googleapis.com/oauth2/v3/token [omitted]
[debug] [2023-10-30T10:10:53.081Z] <<< [apiv2][status] POST https://www.googleapis.com/oauth2/v3/token 200
[debug] [2023-10-30T10:10:53.081Z] <<< [apiv2][body] POST https://www.googleapis.com/oauth2/v3/token [omitted]
[debug] [2023-10-30T10:10:53.091Z] >>> [apiv2][query] GET https://firebase.googleapis.com/v1beta1/projects pageSize=1000
[debug] [2023-10-30T10:10:53.620Z] <<< [apiv2][status] GET https://firebase-public.firebaseio.com/cli.json 200
[debug] [2023-10-30T10:10:53.620Z] <<< [apiv2][body] GET https://firebase-public.firebaseio.com/cli.json {"cloudBuildErrorAfter":1594252800000,"cloudBuildWarnAfter":1590019200000,"defaultNode10After":1594252800000,"minVersion":"3.0.5","node8DeploysDisabledAfter":1613390400000,"node8RuntimeDisabledAfter":1615809600000,"node8WarnAfter":1600128000000}
[debug] [2023-10-30T10:10:54.102Z] <<< [apiv2][status] GET https://firebase.googleapis.com/v1beta1/projects 200
[debug] [2023-10-30T10:10:54.102Z] <<< [apiv2][body] GET https://firebase.googleapis.com/v1beta1/projects [omitted]
